C51 COMPILER V9.60.0.0   BASICS                                                            05/28/2019 18:32:26 PAGE 1   


C51 COMPILER V9.60.0.0, COMPILATION OF MODULE BASICS
OBJECT MODULE PLACED IN .\Objects\Basics.obj
COMPILER INVOKED BY: C:\Keil_v5\C51\BIN\C51.EXE Basics.c OPTIMIZE(8,SPEED) BROWSE DEBUG OBJECTEXTEND PRINT(.\Listings\Ba
                    -sics.lst) TABS(2) OBJECT(.\Objects\Basics.obj)

line level    source

   1          #include<reg51.h>
   2          sbit sout = P0^0;                          // serial out on P0.0
   3          sbit D0 = P1^0;                            // parallal input from P1 (D0-D7)
   4          sbit D1 = P1^1;
   5          sbit D2 = P1^2;
   6          sbit D3 = P1^3;
   7          sbit D4 = P1^4;
   8          sbit D5 = P1^5;
   9          sbit D6 = P1^6;
  10          sbit D7 = P1^7;
  11          int i;
  12          int k;
  13          void delay(void);                         //  1 ms delay
  14           
  15          main()
  16            {
  17   1          for(i=0;i<8;i++)                   // rotate loop for 8 times
  18   1            {
  19   2              sout = D0;                       // first bit out
  20   2              D0 = D1;                         // shift all bits in sequence 
  21   2              D1 = D2;
  22   2              D2 = D3;
  23   2              D3 = D4;
  24   2              D4 = D5;
  25   2              D5 = D6;
  26   2              D6 = D7;
  27   2              delay();                           // generate 1 ms delay after each bit shifted
  28   2            }
  29   1         }
  30          void delay()
  31            {
  32   1          for(k=0;k<1000;k++);
  33   1        }
*** WARNING C290 IN LINE 29 OF Basics.c: missing return value


MODULE INFORMATION:   STATIC OVERLAYABLE
   CODE SIZE        =     82    ----
   CONSTANT SIZE    =   ----    ----
   XDATA SIZE       =   ----    ----
   PDATA SIZE       =   ----    ----
   DATA SIZE        =      4    ----
   IDATA SIZE       =   ----    ----
   BIT SIZE         =   ----    ----
END OF MODULE INFORMATION.


C51 COMPILATION COMPLETE.  1 WARNING(S),  0 ERROR(S)
