C51 COMPILER V9.60.0.0   MAIN                                                              11/28/2019 10:09:20 PAGE 1   


C51 COMPILER V9.60.0.0, COMPILATION OF MODULE MAIN
OBJECT MODULE PLACED IN .\Objects\Main.obj
COMPILER INVOKED BY: C:\Keil_v5\C51\BIN\C51.EXE Main.c ROM(SMALL) OPTIMIZE(8,SPEED) BROWSE DEBUG OBJECTEXTEND PRINT(.\Li
                    -stings\Main.lst) TABS(2) OBJECT(.\Objects\Main.obj)

line level    source

   1          #include<reg51.h>
   2          
   3          sbit ex_int0 = P3^2;
   4          sbit LED = P1^0;
   5          void main()
   6          {
   7   1           LED = 0;
   8   1           ex_int0 = 1;
   9   1           IT0 =1;
  10   1           EX0 = 1;
  11   1           EA = 1;
  12   1        
  13   1        while(1)
  14   1        {
  15   2            LED = 0;
  16   2        }
  17   1           
  18   1      }
  19          
  20           void External_interrupt0()  interrupt 0
  21           {
  22   1           LED = 1;
  23   1       }


MODULE INFORMATION:   STATIC OVERLAYABLE
   CODE SIZE        =     17    ----
   CONSTANT SIZE    =   ----    ----
   XDATA SIZE       =   ----    ----
   PDATA SIZE       =   ----    ----
   DATA SIZE        =   ----    ----
   IDATA SIZE       =   ----    ----
   BIT SIZE         =   ----    ----
END OF MODULE INFORMATION.


C51 COMPILATION COMPLETE.  0 WARNING(S),  0 ERROR(S)
