C51 COMPILER V9.60.0.0   MAIN                                                              05/30/2019 11:54:51 PAGE 1   


C51 COMPILER V9.60.0.0, COMPILATION OF MODULE MAIN
OBJECT MODULE PLACED IN .\Objects\main.obj
COMPILER INVOKED BY: C:\Keil_v5\C51\BIN\C51.EXE main.c OPTIMIZE(8,SPEED) BROWSE DEBUG OBJECTEXTEND PRINT(.\Listings\main
                    -.lst) TABS(2) OBJECT(.\Objects\main.obj)

line level    source

   1          #include<reg51.h>
   2          sbit LED = P1^3;
   3          void delay();
   4          
   5          void main()
   6          {
   7   1        TMOD = 0x00;
   8   1        TH0 = 0xFF;
   9   1        TL0 = 0x00;
  10   1        TR0 = 1;
  11   1        LED = 0;
  12   1        while(1)
  13   1        {
  14   2          LED = 1;
  15   2          delay();
  16   2          LED = 0;
  17   2          delay();
  18   2          
  19   2        
  20   2        }
  21   1      }
  22          void delay()
  23          {
  24   1      
  25   1        
  26   1        while(TF0==1)
  27   1        {
  28   2          TR0 = 0;
  29   2          TF0 = 0;
  30   2        }
  31   1      
  32   1      
  33   1      
  34   1      }


MODULE INFORMATION:   STATIC OVERLAYABLE
   CODE SIZE        =     34    ----
   CONSTANT SIZE    =   ----    ----
   XDATA SIZE       =   ----    ----
   PDATA SIZE       =   ----    ----
   DATA SIZE        =   ----    ----
   IDATA SIZE       =   ----    ----
   BIT SIZE         =   ----    ----
END OF MODULE INFORMATION.


C51 COMPILATION COMPLETE.  0 WARNING(S),  0 ERROR(S)
