C51 COMPILER V9.60.0.0   LED2                                                              05/30/2019 15:42:04 PAGE 1   


C51 COMPILER V9.60.0.0, COMPILATION OF MODULE LED2
OBJECT MODULE PLACED IN .\Objects\led2.obj
COMPILER INVOKED BY: C:\Keil_v5\C51\BIN\C51.EXE led2.c ROM(SMALL) OPTIMIZE(8,SPEED) BROWSE DEBUG OBJECTEXTEND PRINT(.\Li
                    -stings\led2.lst) TABS(2) OBJECT(.\Objects\led2.obj)

line level    source

   1          #include<reg52.h>           // special function register declarations
   2                                      // for the intended 8051 derivative
   3          
   4          sbit LED = P1^1;            // Defining LED pin
   5          
   6          void Delay();           // Function prototype declaration
   7          
   8          void main ()
   9          {
  10   1        LED = 0;
  11   1          while(1)                // infinite loop
  12   1          {
  13   2              LED = 0;            // LED off
  14   2              Delay();
  15   2              LED = 1;            // LED On
  16   2              Delay();
  17   2          }
  18   1      }
  19           
  20          void Delay()
  21          {
  22   1          int j;
  23   1          int i;
  24   1          for(i=0;i<20;i++)
  25   1          {
  26   2              for(j=0;j<10000;j++); 
  27   2          }
  28   1      }


MODULE INFORMATION:   STATIC OVERLAYABLE
   CODE SIZE        =     41    ----
   CONSTANT SIZE    =   ----    ----
   XDATA SIZE       =   ----    ----
   PDATA SIZE       =   ----    ----
   DATA SIZE        =   ----    ----
   IDATA SIZE       =   ----    ----
   BIT SIZE         =   ----    ----
END OF MODULE INFORMATION.


C51 COMPILATION COMPLETE.  0 WARNING(S),  0 ERROR(S)
