C51 COMPILER V9.60.0.0   B2                                                                11/28/2019 10:33:14 PAGE 1   


C51 COMPILER V9.60.0.0, COMPILATION OF MODULE B2
OBJECT MODULE PLACED IN .\Objects\b2.obj
COMPILER INVOKED BY: C:\Keil_v5\C51\BIN\C51.EXE b2.c OPTIMIZE(8,SPEED) BROWSE DEBUG OBJECTEXTEND PRINT(.\Listings\b2.lst
                    -) TABS(2) OBJECT(.\Objects\b2.obj)

line level    source

   1          #include<reg51.h>
   2          
   3          int k;
   4          sbit LED  = P0^0;
   5          sbit LED1 = P1^1;
   6          
   7          void main()
   8          {
   9   1        
  10   1        LED = 0;
  11   1        LED1 = 0;
  12   1        while(1)
  13   1        
  14   1        {
  15   2           for(k=0;k<1000;k++);
  16   2            {
  17   3              LED = ~LED;
  18   3              LED1 = ~LED1;
  19   3            }
  20   2      
  21   2        }
  22   1      }


MODULE INFORMATION:   STATIC OVERLAYABLE
   CODE SIZE        =     31    ----
   CONSTANT SIZE    =   ----    ----
   XDATA SIZE       =   ----    ----
   PDATA SIZE       =   ----    ----
   DATA SIZE        =      2    ----
   IDATA SIZE       =   ----    ----
   BIT SIZE         =   ----    ----
END OF MODULE INFORMATION.


C51 COMPILATION COMPLETE.  0 WARNING(S),  0 ERROR(S)
